# 				分页查询优化

### 一、分页查询常见问题

```sql
-- 如果分页查询带有排序，排序列必须唯一，否则出现不稳定排序
postgres=# select * from test order by ctr limit 10;
 id |               name               |            ctr             
----+----------------------------------+----------------------------
  2 | c81e728d9d4c2f636f067f89cc14862c | 2019-12-17 13:36:15.589328
  3 | eccbc87e4b5ce2fe28308fd9f2a7baf3 | 2019-12-17 13:36:15.589328
  4 | a87ff679a2f3e71d9181a67b7542122c | 2019-12-17 13:36:15.589328
  5 | e4da3b7fbbce2345d7772b0674a318d5 | 2019-12-17 13:36:15.589328
  6 | 1679091c5a880faf6fb5e6087eb1b2dc | 2019-12-17 13:36:15.589328
  7 | 8f14e45fceea167a5a36dedd4bea2543 | 2019-12-17 13:36:15.589328
  8 | c9f0f895fb98ab9159f51fd0297e236d | 2019-12-17 13:36:15.589328
  9 | 45c48cce2e2d7fbdea1afc51c7c6ad26 | 2019-12-17 13:36:15.589328
 10 | d3d9446802a44259755d38e6d163e820 | 2019-12-17 13:36:15.589328
  1 | c4ca4238a0b923820dcc509a6f75849b | 2019-12-17 13:36:15.589328
(10 rows)

postgres=# select * from test order by ctr limit 10 offset 10;
 id |               name               |            ctr             
----+----------------------------------+----------------------------
 12 | c20ad4d76fe97759aa27a0c99bff6710 | 2019-12-17 13:36:15.589328
 13 | c51ce410c124a10e0db5e4b97fc2af39 | 2019-12-17 13:36:15.589328
 14 | aab3238922bcc25a6f606eb525ffdc56 | 2019-12-17 13:36:15.589328
 15 | 9bf31c7ff062936a96d3c8bd1f8f2ff3 | 2019-12-17 13:36:15.589328
 16 | c74d97b01eae257e44aa9d5bade97baf | 2019-12-17 13:36:15.589328
 17 | 70efdf2ec9b086079795c442636b55fb | 2019-12-17 13:36:15.589328
 18 | 6f4922f45568161a8cdf4ad2299f6d23 | 2019-12-17 13:36:15.589328
 19 | 1f0e3dad99908345f7439f8ffabdffc4 | 2019-12-17 13:36:15.589328
 20 | 98f13708210194c475687be6106a3b84 | 2019-12-17 13:36:15.589328
  1 | c4ca4238a0b923820dcc509a6f75849b | 2019-12-17 13:36:15.589328
(10 rows)

postgres=# select * from test order by ctr limit 10 offset 20;
 id |               name               |            ctr             
----+----------------------------------+----------------------------
 22 | b6d767d2f8ed5d21a44b0e5886680cb9 | 2019-12-17 13:36:15.589328
 23 | 37693cfc748049e45d87b8c7d8b9aacd | 2019-12-17 13:36:15.589328
 24 | 1ff1de774005f8da13f42943881c655f | 2019-12-17 13:36:15.589328
 25 | 8e296a067a37563370ded05f5a3bf3ec | 2019-12-17 13:36:15.589328
 26 | 4e732ced3463d06de0ca9a15b6153677 | 2019-12-17 13:36:15.589328
 27 | 02e74f10e0327ad868d138f2b4fdd6f0 | 2019-12-17 13:36:15.589328
 28 | 33e75ff09dd601bbe69f351039152189 | 2019-12-17 13:36:15.589328
 29 | 6ea9ab1baa0efb9e19094440c317e21b | 2019-12-17 13:36:15.589328
 30 | 34173cb38f07f89ddbebc2ac9128303f | 2019-12-17 13:36:15.589328
  1 | c4ca4238a0b923820dcc509a6f75849b | 2019-12-17 13:36:15.589328
(10 rows)

-- 解决的办法，在order列后面增加主键列或者ctid
postgres=# select * from test order by (ctr,id) limit 10;
 id |               name               |            ctr             
----+----------------------------------+----------------------------
  1 | c4ca4238a0b923820dcc509a6f75849b | 2019-12-17 13:36:15.589328
  2 | c81e728d9d4c2f636f067f89cc14862c | 2019-12-17 13:36:15.589328
  3 | eccbc87e4b5ce2fe28308fd9f2a7baf3 | 2019-12-17 13:36:15.589328
  4 | a87ff679a2f3e71d9181a67b7542122c | 2019-12-17 13:36:15.589328
  5 | e4da3b7fbbce2345d7772b0674a318d5 | 2019-12-17 13:36:15.589328
  6 | 1679091c5a880faf6fb5e6087eb1b2dc | 2019-12-17 13:36:15.589328
  7 | 8f14e45fceea167a5a36dedd4bea2543 | 2019-12-17 13:36:15.589328
  8 | c9f0f895fb98ab9159f51fd0297e236d | 2019-12-17 13:36:15.589328
  9 | 45c48cce2e2d7fbdea1afc51c7c6ad26 | 2019-12-17 13:36:15.589328
 10 | d3d9446802a44259755d38e6d163e820 | 2019-12-17 13:36:15.589328
(10 rows)

postgres=# select * from test order by (ctr,ctid) limit 10;
 id |               name               |            ctr             
----+----------------------------------+----------------------------
  1 | c4ca4238a0b923820dcc509a6f75849b | 2019-12-17 13:36:15.589328
  2 | c81e728d9d4c2f636f067f89cc14862c | 2019-12-17 13:36:15.589328
  3 | eccbc87e4b5ce2fe28308fd9f2a7baf3 | 2019-12-17 13:36:15.589328
  4 | a87ff679a2f3e71d9181a67b7542122c | 2019-12-17 13:36:15.589328
  5 | e4da3b7fbbce2345d7772b0674a318d5 | 2019-12-17 13:36:15.589328
  6 | 1679091c5a880faf6fb5e6087eb1b2dc | 2019-12-17 13:36:15.589328
  7 | 8f14e45fceea167a5a36dedd4bea2543 | 2019-12-17 13:36:15.589328
  8 | c9f0f895fb98ab9159f51fd0297e236d | 2019-12-17 13:36:15.589328
  9 | 45c48cce2e2d7fbdea1afc51c7c6ad26 | 2019-12-17 13:36:15.589328
 10 | d3d9446802a44259755d38e6d163e820 | 2019-12-17 13:36:15.589328
(10 rows)
```

### 二、分页查询优化

```
-- 创建测试环境
postgres=# create table test(id int,name text,ctr timestamp);
CREATE TABLE
postgres=# insert into test select a.i,md5(a.i::text),now() from generate_series(1,1000000) as a(i);
INSERT 0 1000000
postgres=# create index id_idx on test using btree(id);
CREATE INDEX
postgres=# \di
            List of relations
 Schema |  Name  | Type  | Owner  | Table 
--------+--------+-------+--------+-------
 public | id_idx | index | flying | test
(1 row)

postgres=# vacuum ANALYZE test; 

-- 原始查询SQL
postgres=# explain (analyze,verbose,costs,timing,buffers) select * from test order by id limit 10 offset 1000;
                                                               QUERY PLAN                                                               
----------------------------------------------------------------------------------------------------------------------------------------
 Limit  (cost=35.75..36.11 rows=10 width=45) (actual time=0.138..0.140 rows=10 loops=1)
   Output: id, name, ctr
   Buffers: shared hit=15
   ->  Index Scan using id_idx on public.test  (cost=0.42..35329.43 rows=1000000 width=45) (actual time=0.010..0.109 rows=1010 loops=1)
         Output: id, name, ctr
         Buffers: shared hit=15
 Planning Time: 0.078 ms
 Execution Time: 0.157 ms
(8 rows)

postgres=# explain (analyze,verbose,costs,timing,buffers) select * from test order by id limit 10 offset 10000;
                                                               QUERY PLAN                                                                
-----------------------------------------------------------------------------------------------------------------------------------------
 Limit  (cost=353.72..354.07 rows=10 width=45) (actual time=1.306..1.308 rows=10 loops=1)
   Output: id, name, ctr
   Buffers: shared hit=124
   ->  Index Scan using id_idx on public.test  (cost=0.42..35329.43 rows=1000000 width=45) (actual time=0.010..1.049 rows=10010 loops=1)
         Output: id, name, ctr
         Buffers: shared hit=124
 Planning Time: 0.071 ms
 Execution Time: 1.321 ms
(8 rows)

postgres=# explain (analyze,verbose,costs,timing,buffers) select * from test order by id limit 10 offset 100000;
                                                                QUERY PLAN                                                                 
-------------------------------------------------------------------------------------------------------------------------------------------
 Limit  (cost=3533.33..3533.68 rows=10 width=45) (actual time=17.907..17.910 rows=10 loops=1)
   Output: id, name, ctr
   Buffers: shared hit=1211
   ->  Index Scan using id_idx on public.test  (cost=0.42..35329.43 rows=1000000 width=45) (actual time=0.017..14.165 rows=100010 loops=1)
         Output: id, name, ctr
         Buffers: shared hit=1211
 Planning Time: 0.120 ms
 Execution Time: 17.934 ms
(8 rows)

postgres=# explain (analyze,verbose,costs,timing,buffers) select * from test order by id limit 10 offset 900000;
                                                                QUERY PLAN                                                                 
-------------------------------------------------------------------------------------------------------------------------------------------
 Limit  (cost=31796.52..31796.88 rows=10 width=45) (actual time=121.914..121.917 rows=10 loops=1)
   Output: id, name, ctr
   Buffers: shared hit=10874
   ->  Index Scan using id_idx on public.test  (cost=0.42..35329.43 rows=1000000 width=45) (actual time=0.012..97.093 rows=900010 loops=1)
         Output: id, name, ctr
         Buffers: shared hit=10874
 Planning Time: 0.082 ms
 Execution Time: 121.937 ms
(8 rows)

-- 可知随着分页数量的增加，查询时间也越来越长

-- 优化方法:可以将offset转化为where条件
postgres=# explain (analyze,verbose,costs,timing,buffers) select * from test where id>1000 order by id limit 10;
                                                             QUERY PLAN                                                              
-------------------------------------------------------------------------------------------------------------------------------------
 Limit  (cost=0.42..0.80 rows=10 width=45) (actual time=0.011..0.014 rows=10 loops=1)
   Output: id, name, ctr
   Buffers: shared hit=4
   ->  Index Scan using id_idx on public.test  (cost=0.42..37794.49 rows=998975 width=45) (actual time=0.010..0.011 rows=10 loops=1)
         Output: id, name, ctr
         Index Cond: (test.id > 1000)
         Buffers: shared hit=4
 Planning Time: 0.159 ms
 Execution Time: 0.032 ms
(9 rows)

postgres=# explain (analyze,verbose,costs,timing,buffers) select * from test where id>10000 order by id limit 10;
                                                             QUERY PLAN                                                              
-------------------------------------------------------------------------------------------------------------------------------------
 Limit  (cost=0.42..0.80 rows=10 width=45) (actual time=0.020..0.024 rows=10 loops=1)
   Output: id, name, ctr
   Buffers: shared hit=4
   ->  Index Scan using id_idx on public.test  (cost=0.42..37443.17 rows=989757 width=45) (actual time=0.019..0.021 rows=10 loops=1)
         Output: id, name, ctr
         Index Cond: (test.id > 10000)
         Buffers: shared hit=4
 Planning Time: 0.120 ms
 Execution Time: 0.046 ms
(9 rows)

postgres=# explain (analyze,verbose,costs,timing,buffers) select * from test where id>100000 order by id limit 10;
                                                             QUERY PLAN                                                              
-------------------------------------------------------------------------------------------------------------------------------------
 Limit  (cost=0.42..0.80 rows=10 width=45) (actual time=0.024..0.028 rows=10 loops=1)
   Output: id, name, ctr
   Buffers: shared hit=4
   ->  Index Scan using id_idx on public.test  (cost=0.42..33912.69 rows=896415 width=45) (actual time=0.022..0.025 rows=10 loops=1)
         Output: id, name, ctr
         Index Cond: (test.id > 100000)
         Buffers: shared hit=4
 Planning Time: 0.178 ms
 Execution Time: 0.053 ms
(9 rows)

postgres=# explain (analyze,verbose,costs,timing,buffers) select * from test where id>900000 order by id limit 10;
                                                            QUERY PLAN                                                             
-----------------------------------------------------------------------------------------------------------------------------------
 Limit  (cost=0.42..0.80 rows=10 width=45) (actual time=0.021..0.023 rows=10 loops=1)
   Output: id, name, ctr
   Buffers: shared hit=4
   ->  Index Scan using id_idx on public.test  (cost=0.42..3750.73 rows=99046 width=45) (actual time=0.020..0.021 rows=10 loops=1)
         Output: id, name, ctr
         Index Cond: (test.id > 900000)
         Buffers: shared hit=4
 Planning Time: 0.099 ms
 Execution Time: 0.039 ms
(9 rows)
```

